<?xml version="1.0" encoding="UTF-8"?>
<!-- Generated by org.testng.reporters.JUnitReportReporter -->
<testsuite hostname="DESKTOP-8NJSOIN" failures="0" tests="1" name="tests.TestClass1NonStatic" time="6.694" errors="0" timestamp="2021-07-05T17:05:34 EDT" skipped="0">
  <testcase classname="tests.TestClass1NonStatic" name="postRequest5" time="6.694"/>
  <system-out/>
</testsuite> <!-- tests.TestClass1NonStatic -->
