<?xml version="1.0" encoding="UTF-8"?>
<!-- Generated by org.testng.reporters.JUnitReportReporter -->
<testsuite hostname="DESKTOP-8NJSOIN" failures="0" tests="1" name="tests.TestClass2Static" time="3.470" errors="0" timestamp="2021-07-05T18:02:30 EDT" skipped="0">
  <testcase classname="tests.TestClass2Static" name="deleteRequest1" time="3.470"/>
  <system-out/>
</testsuite> <!-- tests.TestClass2Static -->
