<?xml version="1.0" encoding="UTF-8"?>
<!-- Generated by org.testng.reporters.JUnitReportReporter -->
<testsuite hostname="DESKTOP-8NJSOIN" failures="0" tests="1" name="tests.TestClass1" time="4.951" errors="0" timestamp="2021-06-30T23:54:08 EDT" skipped="0">
  <testcase classname="tests.TestClass1" name="postRequest4" time="4.951"/>
  <system-out/>
</testsuite> <!-- tests.TestClass1 -->
